<?xml version="1.0" encoding="UTF-8"?>
<testng-results ignored="0" total="1" passed="1" failed="0" skipped="0">
  <reporter-output>
  </reporter-output>
  <suite started-at="2022-12-03T22:23:12 EST" name="test runner" finished-at="2022-12-03T22:23:20 EST" duration-ms="7872">
    <groups>
    </groups>
    <test started-at="2022-12-03T22:23:12 EST" name="runner" finished-at="2022-12-03T22:23:20 EST" duration-ms="7872">
      <class name="com.qa.e2e.mobile.MobileTest">
        <test-method is-config="true" signature="setUpEnvWeb(boolean)[pri:0, instance:com.qa.e2e.mobile.MobileTest@140c9f39]" started-at="2022-12-03T22:23:13 EST" name="setUpEnvWeb" finished-at="2022-12-03T22:23:13 EST" duration-ms="10" status="PASS">
          <params>
            <param index="0">
              <value>
                <![CDATA[true]]>
              </value>
            </param>
          </params>
          <reporter-output>
          </reporter-output>
        </test-method> <!-- setUpEnvWeb -->
        <test-method is-config="true" signature="setEnv_Mobile(boolean)[pri:0, instance:com.qa.e2e.mobile.MobileTest@140c9f39]" started-at="2022-12-03T22:23:13 EST" name="setEnv_Mobile" finished-at="2022-12-03T22:23:18 EST" duration-ms="5000" status="PASS">
          <params>
            <param index="0">
              <value>
                <![CDATA[true]]>
              </value>
            </param>
          </params>
          <reporter-output>
          </reporter-output>
        </test-method> <!-- setEnv_Mobile -->
        <test-method signature="getAPK_UP()[pri:0, instance:com.qa.e2e.mobile.MobileTest@140c9f39]" started-at="2022-12-03T22:23:18 EST" name="getAPK_UP" finished-at="2022-12-03T22:23:20 EST" duration-ms="2544" status="PASS">
          <reporter-output>
          </reporter-output>
        </test-method> <!-- getAPK_UP -->
        <test-method is-config="true" signature="distoryEverything()[pri:0, instance:com.qa.e2e.mobile.MobileTest@140c9f39]" started-at="2022-12-03T22:23:20 EST" name="distoryEverything" finished-at="2022-12-03T22:23:20 EST" duration-ms="125" status="PASS">
          <reporter-output>
          </reporter-output>
        </test-method> <!-- distoryEverything -->
      </class> <!-- com.qa.e2e.mobile.MobileTest -->
    </test> <!-- runner -->
  </suite> <!-- test runner -->
</testng-results>
