<?xml version="1.0" encoding="UTF-8"?>
<testsuite xmlns:xsi="http://www.w3.org/2001/XMLSchema-instance" xsi:schemaLocation="https://maven.apache.org/surefire/maven-surefire-plugin/xsd/surefire-test-report.xsd" name="TestSuite" time="14.955" tests="3" errors="0" skipped="0" failures="1">
  <properties>
[...]
</properties>
  <testcase name="validate_user_login_with_valid_credentials" classname="com.qa.e2e.admin.MainTest" time="4.621"/>
  <testcase name="validate_user_login_with_valid_credentials_2" classname="com.qa.e2e.admin.MainTest" time="2.961"/>
  <testcase name="validate_user_login_with_valid_credentials_3" classname="com.qa.e2e.admin.MainTest" time="2.97">
    <failure message="no such element: Unable to locate element: {&quot;method&quot;:&quot;xpath&quot;,&quot;selector&quot;:&quot;//nav/ul[@role=&apos;menu&apos;]/li/a/p[contains(text(), &apos;Catalog&apos;)]//ancestor::a//following-sibling::ul/li/a//p[contains(text(), &apos;dajksjdksajd&apos;)]&quot;}&#10;  (Session info: chrome=107.0.5304.122)&#10;For documentation on this error, please visit: https://www.seleniumhq.org/exceptions/no_such_element.html&#10;Build info: version: &apos;3.141.59&apos;, revision: &apos;e82be7d358&apos;, time: &apos;2018-11-14T08:17:03&apos;&#10;System info: host: &apos;Hamim&apos;, ip: &apos;172.29.96.1&apos;, os.name: &apos;Windows 11&apos;, os.arch: &apos;amd64&apos;, os.version: &apos;10.0&apos;, java.version: &apos;11.0.14&apos;&#10;Driver info: org.openqa.selenium.chrome.ChromeDriver&#10;Capabilities {acceptInsecureCerts: false, browserName: chrome, browserVersion: 107.0.5304.122, chrome: {chromedriverVersion: 107.0.5304.62 (1eec40d3a576..., userDataDir: C:\Users\hamim\AppData\Loca...}, goog:chromeOptions: {debuggerAddress: localhost:61823}, javascriptEnabled: true, networkConnectionEnabled: false, pageLoadStrategy: normal, platform: WINDOWS, platformName: WINDOWS, proxy: Proxy(), setWindowRect: true, strictFileInteractability: false, timeouts: {implicit: 0, pageLoad: 300000, script: 30000}, unhandledPromptBehavior: dismiss and notify, webauthn:extension:credBlob: true, webauthn:extension:largeBlob: true, webauthn:virtualAuthenticators: true}&#10;Session ID: a0f95e06d6406bf85ca53543c564345d&#10;*** Element info: {Using=xpath, value=//nav/ul[@role=&apos;menu&apos;]/li/a/p[contains(text(), &apos;Catalog&apos;)]//ancestor::a//following-sibling::ul/li/a//p[contains(text(), &apos;dajksjdksajd&apos;)]}" type="org.openqa.selenium.NoSuchElementException">org.openqa.selenium.NoSuchElementException: 
no such element: Unable to locate element: {"method":"xpath","selector":"//nav/ul[@role='menu']/li/a/p[contains(text(), 'Catalog')]//ancestor::a//following-sibling::ul/li/a//p[contains(text(), 'dajksjdksajd')]"}
  (Session info: chrome=107.0.5304.122)
For documentation on this error, please visit: https://www.seleniumhq.org/exceptions/no_such_element.html
Build info: version: '3.141.59', revision: 'e82be7d358', time: '2018-11-14T08:17:03'
System info: host: 'Hamim', ip: '172.29.96.1', os.name: 'Windows 11', os.arch: 'amd64', os.version: '10.0', java.version: '11.0.14'
Driver info: org.openqa.selenium.chrome.ChromeDriver
Capabilities {acceptInsecureCerts: false, browserName: chrome, browserVersion: 107.0.5304.122, chrome: {chromedriverVersion: 107.0.5304.62 (1eec40d3a576..., userDataDir: C:\Users\hamim\AppData\Loca...}, goog:chromeOptions: {debuggerAddress: localhost:61823}, javascriptEnabled: true, networkConnectionEnabled: false, pageLoadStrategy: normal, platform: WINDOWS, platformName: WINDOWS, proxy: Proxy(), setWindowRect: true, strictFileInteractability: false, timeouts: {implicit: 0, pageLoad: 300000, script: 30000}, unhandledPromptBehavior: dismiss and notify, webauthn:extension:credBlob: true, webauthn:extension:largeBlob: true, webauthn:virtualAuthenticators: true}
Session ID: a0f95e06d6406bf85ca53543c564345d
*** Element info: {Using=xpath, value=//nav/ul[@role='menu']/li/a/p[contains(text(), 'Catalog')]//ancestor::a//following-sibling::ul/li/a//p[contains(text(), 'dajksjdksajd')]}
	at com.qa.e2e.admin.MainTest.validate_user_login_with_valid_credentials_3(MainTest.java:46)
</failure>
  </testcase>
</testsuite>